{
  "RSpec": {
    "coverage": {
      "/home/kali/CuteBank/spec/rails_helper.rb": {
        "lines": [
          null,
          1,
          1,
          1,
          null,
          1,
          1,
          null,
          null,
          null,
          null,
          null,
          null,
          null,
          null,
          null,
          null,
          null,
          null,
          null,
          null,
          null,
          null,
          null,
          4,
          null,
          null,
          null,
          null,
          1,
          null,
          0,
          0,
          null,
          1,
          1,
          1,
          1,
          null,
          1,
          1,
          1,
          null,
          null,
          null,
          null,
          null,
          null,
          null,
          1,
          null,
          null,
          null,
          1,
          null,
          null,
          null,
          null,
          null,
          null,
          null,
          null,
          null,
          null,
          null,
          null,
          null,
          null,
          null,
          null,
          null,
          1,
          null,
          null,
          1,
          null,
          null,
          null,
          null,
          1,
          1,
          1,
          1,
          null,
          null
        ]
      },
      "/home/kali/CuteBank/config/environment.rb": {
        "lines": [
          null,
          null,
          null,
          1,
          null,
          null,
          1
        ]
      },
      "/home/kali/CuteBank/config/application.rb": {
        "lines": [
          null,
          null,
          1,
          null,
          1,
          null,
          null,
          null,
          1,
          null,
          1,
          1,
          null,
          1,
          null,
          null,
          null,
          null,
          null,
          null,
          null
        ]
      },
      "/home/kali/CuteBank/config/boot.rb": {
        "lines": [
          null,
          null,
          1,
          null,
          1,
          1
        ]
      },
      "/home/kali/CuteBank/config/environments/test.rb": {
        "lines": [
          null,
          null,
          null,
          null,
          null,
          null,
          null,
          1,
          null,
          null,
          1,
          1,
          null,
          null,
          null,
          null,
          1,
          null,
          null,
          1,
          1,
          null,
          null,
          null,
          null,
          1,
          1,
          1,
          null,
          null,
          1,
          null,
          null,
          1,
          null,
          null,
          1,
          null,
          1,
          null,
          null,
          null,
          null,
          1,
          null,
          null,
          1,
          null,
          null,
          null,
          null
        ]
      },
      "/home/kali/CuteBank/config/initializers/application_controller_renderer.rb": {
        "lines": [
          null,
          null,
          null,
          null,
          null,
          null,
          null,
          null,
          null
        ]
      },
      "/home/kali/CuteBank/config/initializers/assets.rb": {
        "lines": [
          null,
          null,
          null,
          null,
          null,
          1,
          null,
          null,
          null,
          null,
          1,
          null,
          null,
          null,
          null,
          null
        ]
      },
      "/home/kali/CuteBank/config/initializers/backtrace_silencers.rb": {
        "lines": [
          null,
          null,
          null,
          null,
          null,
          null,
          null,
          null
        ]
      },
      "/home/kali/CuteBank/config/initializers/content_security_policy.rb": {
        "lines": [
          null,
          null,
          null,
          null,
          null,
          null,
          null,
          null,
          null,
          null,
          null,
          null,
          null,
          null,
          null,
          null,
          null,
          null,
          null,
          null,
          null,
          null,
          null,
          null,
          null,
          null,
          null,
          null,
          null,
          null,
          null
        ]
      },
      "/home/kali/CuteBank/config/initializers/cookies_serializer.rb": {
        "lines": [
          null,
          null,
          null,
          null,
          null,
          null,
          1
        ]
      },
      "/home/kali/CuteBank/config/initializers/devise.rb": {
        "lines": [
          null,
          null,
          1,
          1,
          null
        ]
      },
      "/home/kali/CuteBank/config/initializers/filter_parameter_logging.rb": {
        "lines": [
          null,
          null,
          null,
          null,
          null,
          1
        ]
      },
      "/home/kali/CuteBank/config/initializers/inflections.rb": {
        "lines": [
          null,
          null,
          null,
          null,
          null,
          null,
          null,
          null,
          null,
          null,
          null,
          null,
          null,
          null,
          null,
          null,
          null
        ]
      },
      "/home/kali/CuteBank/config/initializers/mime_types.rb": {
        "lines": [
          null,
          null,
          null,
          null,
          null
        ]
      },
      "/home/kali/CuteBank/config/initializers/wrap_parameters.rb": {
        "lines": [
          null,
          null,
          null,
          null,
          null,
          null,
          null,
          null,
          1,
          2,
          null,
          null,
          null,
          null,
          null,
          null
        ]
      },
      "/home/kali/CuteBank/spec/factories/factories.rb": {
        "lines": [
          1,
          1,
          16,
          16,
          10,
          null,
          null,
          null
        ]
      },
      "/home/kali/CuteBank/config/routes.rb": {
        "lines": [
          null,
          null,
          1,
          1,
          null,
          1,
          null,
          1,
          null,
          1,
          null,
          1,
          null,
          1,
          null
        ]
      },
      "/home/kali/CuteBank/app/models/user.rb": {
        "lines": [
          null,
          null,
          1,
          1,
          null,
          1,
          null,
          1,
          null,
          null,
          1,
          null,
          1,
          1004,
          1,
          1,
          null,
          1,
          null,
          1003,
          null,
          null,
          null,
          1,
          1004,
          1,
          1,
          null,
          1,
          null,
          1003,
          null,
          null,
          null,
          1,
          2008,
          2002,
          null,
          2002,
          6,
          4,
          null,
          4,
          null,
          2,
          null,
          null,
          null
        ]
      },
      "/home/kali/CuteBank/app/models/application_record.rb": {
        "lines": [
          null,
          null,
          1,
          1,
          null
        ]
      },
      "/home/kali/CuteBank/app/helpers/admin_helper.rb": {
        "lines": [
          null,
          null,
          1,
          null
        ]
      },
      "/home/kali/CuteBank/app/helpers/application_helper.rb": {
        "lines": [
          null,
          null,
          1,
          null
        ]
      },
      "/home/kali/CuteBank/app/helpers/main_helper.rb": {
        "lines": [
          null,
          null,
          1,
          null
        ]
      },
      "/home/kali/CuteBank/app/helpers/user_helper.rb": {
        "lines": [
          null,
          null,
          1,
          null
        ]
      },
      "/home/kali/CuteBank/spec/support/factory_bot.rb": {
        "lines": [
          null,
          1,
          1,
          null
        ]
      },
      "/home/kali/CuteBank/spec/support/controller_macros.rb": {
        "lines": [
          null,
          1,
          1,
          2,
          3,
          3,
          3,
          null,
          null,
          null,
          1,
          1,
          1,
          1,
          null,
          1,
          null,
          null,
          null
        ]
      },
      "/home/kali/CuteBank/spec/support/database_cleaner.rb": {
        "lines": [
          1,
          1,
          1,
          null,
          null,
          1,
          26,
          null,
          null,
          1,
          0,
          null,
          null,
          1,
          26,
          null,
          null,
          1,
          26,
          null,
          null
        ]
      },
      "/home/kali/CuteBank/spec/models/cash_machine_spec.rb": {
        "lines": [
          1,
          1,
          1,
          1,
          1,
          1,
          1,
          null,
          1,
          1,
          1,
          null,
          1,
          1,
          1,
          null,
          4,
          4,
          null,
          null,
          null,
          1,
          1,
          12,
          12,
          null,
          1,
          1,
          null,
          null,
          null,
          null,
          null,
          null,
          null,
          null,
          null,
          null,
          null,
          null,
          null
        ]
      },
      "/home/kali/CuteBank/app/models/cash_machine.rb": {
        "lines": [
          null,
          null,
          1,
          1,
          null,
          1,
          4,
          null,
          4,
          null,
          4,
          null,
          null,
          null,
          1,
          14,
          14,
          null,
          14,
          1,
          1,
          null,
          13,
          13,
          null,
          13,
          null,
          null,
          null,
          null,
          1,
          2,
          2,
          2,
          null,
          2,
          null,
          0,
          0,
          null,
          null,
          null,
          1,
          2,
          null,
          null
        ]
      },
      "/home/kali/CuteBank/spec/models/user_spec.rb": {
        "lines": [
          1,
          null,
          1,
          1,
          1,
          1,
          1,
          1,
          null,
          1,
          1,
          1,
          null,
          1,
          1,
          1,
          null,
          1,
          1,
          1001,
          1001,
          null,
          1,
          1,
          null,
          null,
          1,
          1,
          1,
          1001,
          1001,
          null,
          1,
          1,
          null,
          null,
          null,
          null
        ]
      },
      "/home/kali/CuteBank/spec/models/users_history_record_spec.rb": {
        "lines": [
          1,
          null,
          1,
          null,
          1,
          2,
          null,
          null
        ]
      },
      "/home/kali/CuteBank/app/models/users_history_record.rb": {
        "lines": [
          null,
          null,
          1,
          1,
          null
        ]
      },
      "/home/kali/CuteBank/spec/requests/admin_request_spec.rb": {
        "lines": [
          1,
          1,
          1,
          1,
          1,
          3,
          3,
          3,
          3,
          null,
          null,
          2,
          2,
          null,
          1,
          1,
          1,
          null,
          null,
          null,
          null,
          null,
          1,
          1,
          2,
          2,
          2,
          2,
          null,
          null,
          null,
          1,
          1,
          1,
          2,
          2,
          2,
          2,
          null,
          null,
          2,
          2,
          null,
          null,
          null,
          null
        ]
      },
      "/home/kali/CuteBank/app/controllers/admin_controller.rb": {
        "lines": [
          null,
          null,
          1,
          1,
          1,
          null,
          1,
          1,
          null,
          null,
          1,
          2,
          null,
          2,
          2,
          2,
          null,
          2,
          null,
          2,
          null,
          null,
          null
        ]
      },
      "/home/kali/CuteBank/app/controllers/application_controller.rb": {
        "lines": [
          null,
          null,
          1,
          1,
          null,
          1,
          0,
          null,
          null,
          1,
          0,
          null,
          null,
          1,
          5,
          2,
          null,
          2,
          null,
          null,
          null
        ]
      },
      "/home/kali/CuteBank/spec/requests/main_controller_request_spec.rb": {
        "lines": [
          1,
          null,
          1,
          1,
          1,
          2,
          null,
          null,
          null,
          1,
          1,
          1,
          2,
          null,
          null,
          null,
          1,
          1,
          1,
          2,
          null,
          null,
          null
        ]
      },
      "/home/kali/CuteBank/app/controllers/main_controller.rb": {
        "lines": [
          null,
          null,
          1,
          1,
          null
        ]
      },
      "/home/kali/CuteBank/spec/requests/user_controller_request_spec.rb": {
        "lines": [
          1,
          null,
          1,
          1,
          1,
          1,
          2,
          2,
          null,
          null,
          null,
          1,
          1,
          1,
          5,
          5,
          5,
          5,
          null,
          null,
          2,
          2,
          2,
          2,
          2,
          null,
          null,
          null,
          1,
          1,
          2,
          2,
          null,
          null,
          null
        ]
      },
      "/home/kali/CuteBank/app/controllers/user_controller.rb": {
        "lines": [
          null,
          null,
          1,
          1,
          1,
          null,
          1,
          1,
          null,
          1,
          null,
          null,
          1,
          4,
          null,
          4,
          null,
          4,
          4,
          2,
          null,
          2,
          null,
          null,
          null,
          null,
          1,
          1,
          null,
          1,
          0,
          null,
          0,
          null,
          0,
          null,
          1,
          null,
          null,
          null,
          1,
          1,
          null,
          1,
          0,
          null,
          0,
          null,
          1,
          null,
          null,
          null,
          null,
          1,
          null,
          1,
          4,
          4,
          4,
          4,
          null,
          1,
          1,
          null,
          1,
          1,
          null,
          null,
          null,
          null,
          null,
          1,
          7,
          null,
          null
        ]
      }
    },
    "timestamp": 1606906754
  }
}
