{
  "RSpec": {
    "coverage": {
      "/Users/andrew/CuteBank-_-/config/environment.rb": {
        "lines": [
          null,
          null,
          null,
          1,
          null,
          null,
          1
        ]
      },
      "/Users/andrew/CuteBank-_-/config/application.rb": {
        "lines": [
          null,
          null,
          1,
          null,
          1,
          null,
          null,
          null,
          1,
          null,
          1,
          1,
          null,
          1,
          null,
          null,
          null,
          null,
          null,
          null,
          null
        ]
      },
      "/Users/andrew/CuteBank-_-/config/boot.rb": {
        "lines": [
          null,
          null,
          1,
          null,
          1,
          1
        ]
      },
      "/Users/andrew/CuteBank-_-/config/environments/test.rb": {
        "lines": [
          null,
          null,
          null,
          null,
          null,
          null,
          null,
          1,
          null,
          null,
          1,
          1,
          null,
          null,
          null,
          null,
          1,
          null,
          null,
          1,
          1,
          null,
          null,
          null,
          null,
          1,
          1,
          1,
          null,
          null,
          1,
          null,
          null,
          1,
          null,
          null,
          1,
          null,
          1,
          null,
          null,
          null,
          null,
          1,
          null,
          null,
          1,
          null,
          null,
          null,
          null
        ]
      },
      "/Users/andrew/CuteBank-_-/config/initializers/application_controller_renderer.rb": {
        "lines": [
          null,
          null,
          null,
          null,
          null,
          null,
          null,
          null,
          null
        ]
      },
      "/Users/andrew/CuteBank-_-/config/initializers/assets.rb": {
        "lines": [
          null,
          null,
          null,
          null,
          null,
          1,
          null,
          null,
          null,
          null,
          1,
          null,
          null,
          null,
          null,
          null
        ]
      },
      "/Users/andrew/CuteBank-_-/config/initializers/backtrace_silencers.rb": {
        "lines": [
          null,
          null,
          null,
          null,
          null,
          null,
          null,
          null
        ]
      },
      "/Users/andrew/CuteBank-_-/config/initializers/content_security_policy.rb": {
        "lines": [
          null,
          null,
          null,
          null,
          null,
          null,
          null,
          null,
          null,
          null,
          null,
          null,
          null,
          null,
          null,
          null,
          null,
          null,
          null,
          null,
          null,
          null,
          null,
          null,
          null,
          null,
          null,
          null,
          null,
          null,
          null
        ]
      },
      "/Users/andrew/CuteBank-_-/config/initializers/cookies_serializer.rb": {
        "lines": [
          null,
          null,
          null,
          null,
          null,
          null,
          1
        ]
      },
      "/Users/andrew/CuteBank-_-/config/initializers/devise.rb": {
        "lines": [
          null,
          null,
          1,
          1,
          null
        ]
      },
      "/Users/andrew/CuteBank-_-/config/initializers/filter_parameter_logging.rb": {
        "lines": [
          null,
          null,
          null,
          null,
          null,
          1
        ]
      },
      "/Users/andrew/CuteBank-_-/config/initializers/inflections.rb": {
        "lines": [
          null,
          null,
          null,
          null,
          null,
          null,
          null,
          null,
          null,
          null,
          null,
          null,
          null,
          null,
          null,
          null,
          null
        ]
      },
      "/Users/andrew/CuteBank-_-/config/initializers/mime_types.rb": {
        "lines": [
          null,
          null,
          null,
          null,
          null
        ]
      },
      "/Users/andrew/CuteBank-_-/config/initializers/wrap_parameters.rb": {
        "lines": [
          null,
          null,
          null,
          null,
          null,
          null,
          null,
          null,
          1,
          2,
          null,
          null,
          null,
          null,
          null,
          null
        ]
      },
      "/Users/andrew/CuteBank-_-/spec/factories/factories.rb": {
        "lines": [
          1,
          1,
          25,
          25,
          19,
          null,
          null
        ]
      },
      "/Users/andrew/CuteBank-_-/config/routes.rb": {
        "lines": [
          null,
          null,
          1,
          1,
          null,
          1,
          null,
          1,
          null,
          1,
          null,
          1,
          null,
          1,
          null
        ]
      },
      "/Users/andrew/CuteBank-_-/app/models/user.rb": {
        "lines": [
          null,
          null,
          1,
          1,
          null,
          1,
          null,
          1,
          null,
          null,
          1,
          null,
          1,
          5,
          null,
          null,
          1,
          null,
          null,
          3,
          null,
          null,
          1,
          null,
          1,
          null,
          null,
          null,
          null,
          1,
          4,
          null,
          4,
          2,
          2,
          2,
          null,
          null,
          0,
          null,
          0,
          null,
          null,
          null,
          null,
          2,
          2,
          null,
          null,
          null,
          null,
          1,
          3,
          3,
          3,
          null,
          null,
          0,
          null,
          null,
          null,
          null,
          1,
          7,
          6,
          6,
          null,
          null,
          1,
          null,
          null,
          null,
          null
        ]
      },
      "/Users/andrew/CuteBank-_-/app/models/application_record.rb": {
        "lines": [
          null,
          null,
          1,
          1,
          null
        ]
      },
      "/Users/andrew/CuteBank-_-/app/helpers/about_helper.rb": {
        "lines": [
          null,
          null,
          1,
          null
        ]
      },
      "/Users/andrew/CuteBank-_-/app/helpers/admin_helper.rb": {
        "lines": [
          null,
          null,
          1,
          null
        ]
      },
      "/Users/andrew/CuteBank-_-/app/helpers/application_helper.rb": {
        "lines": [
          null,
          null,
          1,
          null
        ]
      },
      "/Users/andrew/CuteBank-_-/app/helpers/main_helper.rb": {
        "lines": [
          null,
          null,
          1,
          null
        ]
      },
      "/Users/andrew/CuteBank-_-/app/helpers/user_helper.rb": {
        "lines": [
          null,
          null,
          1,
          null
        ]
      },
      "/Users/andrew/CuteBank-_-/spec/support/factory_bot.rb": {
        "lines": [
          1,
          1,
          null
        ]
      },
      "/Users/andrew/CuteBank-_-/spec/support/controller_macros.rb": {
        "lines": [
          1,
          1,
          2,
          3,
          3,
          3,
          null,
          null,
          null,
          1,
          1,
          1,
          1,
          null,
          1,
          null,
          null,
          null
        ]
      },
      "/Users/andrew/CuteBank-_-/spec/support/database_cleaner.rb": {
        "lines": [
          1,
          1,
          1,
          null,
          null,
          1,
          49,
          null,
          null,
          1,
          0,
          null,
          null,
          1,
          49,
          null,
          null,
          1,
          49,
          null,
          null
        ]
      },
      "/Users/andrew/CuteBank-_-/app/models/cash_machine.rb": {
        "lines": [
          null,
          null,
          1,
          1,
          null,
          1,
          6,
          6,
          null,
          6,
          2,
          null,
          null,
          4,
          4,
          null,
          4,
          null,
          null,
          null,
          null,
          null,
          1,
          4,
          null,
          4,
          null,
          4,
          1,
          null,
          null,
          3,
          3,
          null,
          3,
          null,
          null,
          null,
          null,
          null,
          1,
          2,
          null,
          2,
          null,
          null
        ]
      },
      "/Users/andrew/CuteBank-_-/spec/models/user_spec.rb": {
        "lines": [
          1,
          null,
          1,
          1,
          1,
          1,
          1,
          null,
          1,
          null,
          null,
          null,
          1,
          1,
          1,
          null,
          null,
          1,
          1,
          1,
          null,
          1,
          1,
          null,
          1,
          null,
          null,
          1,
          1,
          null,
          1,
          1,
          1,
          null,
          1,
          null,
          null,
          1,
          1,
          null,
          1,
          1,
          1,
          null,
          1,
          null,
          null,
          null,
          1,
          1,
          1,
          1,
          1,
          null,
          1,
          null,
          null,
          1,
          1,
          1,
          1,
          null,
          1,
          1,
          null,
          null,
          1,
          1,
          1,
          1,
          null,
          1,
          1,
          null,
          null,
          null,
          1,
          1,
          1,
          null,
          1,
          null,
          null,
          1,
          1,
          null,
          1,
          null,
          null,
          null,
          null
        ]
      },
      "/Users/andrew/CuteBank-_-/spec/models/users_history_record_spec.rb": {
        "lines": [
          1,
          null,
          1,
          1,
          2,
          null,
          null
        ]
      },
      "/Users/andrew/CuteBank-_-/app/models/users_history_record.rb": {
        "lines": [
          null,
          null,
          1,
          1,
          null
        ]
      },
      "/Users/andrew/CuteBank-_-/spec/requests/admin_request_spec.rb": {
        "lines": [
          1,
          1,
          1,
          1,
          1,
          3,
          3,
          3,
          3,
          null,
          null,
          2,
          2,
          null,
          1,
          1,
          1,
          null,
          null,
          null,
          null,
          1,
          1,
          2,
          2,
          2,
          2,
          null,
          null,
          null,
          1,
          1,
          1,
          2,
          2,
          2,
          2,
          null,
          null,
          2,
          2,
          null,
          null,
          null
        ]
      },
      "/Users/andrew/CuteBank-_-/app/controllers/admin_controller.rb": {
        "lines": [
          null,
          null,
          1,
          1,
          1,
          null,
          1,
          1,
          null,
          null,
          1,
          2,
          null,
          2,
          2,
          2,
          2,
          0,
          null,
          0,
          null,
          2,
          null,
          null,
          2,
          null,
          null,
          null
        ]
      },
      "/Users/andrew/CuteBank-_-/app/controllers/application_controller.rb": {
        "lines": [
          null,
          null,
          1,
          1,
          null,
          1,
          0,
          null,
          null,
          1,
          0,
          null,
          null,
          1,
          5,
          2,
          null,
          2,
          null,
          null,
          null,
          1,
          21,
          null,
          21,
          9,
          null,
          9,
          null,
          null,
          7,
          null,
          null,
          0,
          null,
          null,
          1,
          null,
          null,
          null,
          null,
          null,
          null,
          null,
          12,
          null,
          null,
          null,
          null
        ]
      },
      "/Users/andrew/CuteBank-_-/spec/requests/application_controller_request_spec.rb": {
        "lines": [
          1,
          null,
          1,
          1,
          1,
          14,
          null,
          null,
          null,
          1,
          1,
          1,
          1,
          1,
          null,
          null,
          1,
          1,
          null,
          null,
          1,
          1,
          null,
          null,
          1,
          1,
          1,
          1,
          1,
          1,
          1,
          null,
          null,
          null,
          null,
          1,
          1,
          1,
          null,
          null,
          1,
          1,
          null,
          null,
          1,
          1,
          null,
          null,
          1,
          1,
          1,
          1,
          1,
          null,
          null,
          null,
          null,
          null,
          null
        ]
      },
      "/Users/andrew/CuteBank-_-/spec/requests/main_controller_request_spec.rb": {
        "lines": [
          1,
          null,
          1,
          1,
          1,
          2,
          null,
          null,
          null,
          1,
          1,
          1,
          2,
          null,
          null,
          null,
          1,
          1,
          1,
          2,
          null,
          null,
          null
        ]
      },
      "/Users/andrew/CuteBank-_-/app/controllers/main_controller.rb": {
        "lines": [
          null,
          null,
          1,
          1,
          null,
          1,
          null,
          null,
          null,
          null,
          1,
          3,
          2,
          1,
          null,
          1,
          null,
          null,
          null,
          null
        ]
      },
      "/Users/andrew/CuteBank-_-/spec/requests/user_controller_request_spec.rb": {
        "lines": [
          1,
          null,
          1,
          1,
          1,
          1,
          2,
          2,
          null,
          null,
          null,
          1,
          1,
          1,
          7,
          7,
          7,
          7,
          null,
          null,
          2,
          2,
          2,
          2,
          2,
          2,
          null,
          1,
          1,
          2,
          null,
          null,
          null,
          1,
          1,
          1,
          1,
          1,
          null,
          null,
          null,
          null,
          1,
          1,
          2,
          2,
          null,
          null,
          null
        ]
      },
      "/Users/andrew/CuteBank-_-/app/controllers/user_controller.rb": {
        "lines": [
          null,
          null,
          1,
          1,
          1,
          null,
          1,
          1,
          null,
          1,
          null,
          null,
          1,
          5,
          null,
          5,
          null,
          5,
          5,
          1,
          null,
          null,
          4,
          null,
          null,
          null,
          null,
          null,
          null,
          null,
          1,
          null,
          1,
          5,
          5,
          5,
          5,
          1,
          null,
          1,
          null,
          null,
          4,
          null,
          null,
          null,
          1,
          2,
          null,
          2,
          2,
          null,
          2,
          null,
          null,
          0,
          null,
          null,
          null,
          null,
          null,
          null,
          1,
          8,
          null,
          null
        ]
      }
    },
    "timestamp": 1608057673
  }
}
